


ARM Macro Assembler    Page 1 


    1 00000000         ;/******************************************************
                       ********************************************************
                       *********
    2 00000000         ;* File Name    : startup_BAT32G137.s
    3 00000000         ;* Device(s)    : BAT32G137GH64FB
    4 00000000         ;* Tool-Chain   : ARMCC
    5 00000000         ;* Description  : This is start up file for ARMCC.
    6 00000000         ;* Creation Date: 2022/1/28
    7 00000000         ;*******************************************************
                       ********************************************************
                       ********/
    8 00000000         
    9 00000000         ; <h> Stack Configuration
   10 00000000         ;   <o> Stack Size (in Bytes) <0x0-0xFFFFFFFF:8>
   11 00000000         ; </h>
   12 00000000         
   13 00000000 00000400 
                       Stack_Size
                               EQU              0x00000400
   14 00000000         
   15 00000000                 AREA             STACK, NOINIT, READWRITE, ALIGN
=3
   16 00000000         Stack_Mem
                               SPACE            Stack_Size
   17 00000400         __initial_sp
   18 00000400         
   19 00000400         
   20 00000400         ; <h> Heap Configuration
   21 00000400         ;   <o>  Heap Size (in Bytes) <0x0-0xFFFFFFFF:8>
   22 00000400         ; </h>
   23 00000400         
   24 00000400 00000100 
                       Heap_Size
                               EQU              0x00000100
   25 00000400         
   26 00000400                 AREA             HEAP, NOINIT, READWRITE, ALIGN=
3
   27 00000000         __heap_base
   28 00000000         Heap_Mem
                               SPACE            Heap_Size
   29 00000100         __heap_limit
   30 00000100         
   31 00000100         
   32 00000100                 PRESERVE8
   33 00000100                 THUMB
   34 00000100         
   35 00000100         
   36 00000100         ; Vector Table Mapped to Address 0 at Reset
   37 00000100         
   38 00000100                 AREA             RESET, DATA, READONLY
   39 00000000                 EXPORT           __Vectors
   40 00000000                 EXPORT           __Vectors_End
   41 00000000                 EXPORT           __Vectors_Size
   42 00000000         
   43 00000000 00000000 
                       __Vectors
                               DCD              __initial_sp ; Top of Stack
   44 00000004 00000000        DCD              Reset_Handler ; Reset Handler
   45 00000008 00000000        DCD              NMI_Handler ; NMI Handler



ARM Macro Assembler    Page 2 


   46 0000000C 00000000        DCD              HardFault_Handler ; Hard Fault 
                                                            Handler
   47 00000010 00000000        DCD              0           ; Reserved
   48 00000014 00000000        DCD              0           ; Reserved
   49 00000018 00000000        DCD              0           ; Reserved
   50 0000001C 00000000        DCD              0           ; Reserved
   51 00000020 00000000        DCD              0           ; Reserved
   52 00000024 00000000        DCD              0           ; Reserved
   53 00000028 00000000        DCD              0           ; Reserved
   54 0000002C 00000000        DCD              SVC_Handler ; SVCall Handler
   55 00000030 00000000        DCD              0           ; Reserved
   56 00000034 00000000        DCD              0           ; Reserved
   57 00000038 00000000        DCD              PendSV_Handler ; PendSV Handler
                                                            
   58 0000003C 00000000        DCD              SysTick_Handler 
                                                            ; SysTick Handler
   59 00000040         
   60 00000040         ; External Interrupts
   61 00000040         ; ToDo:  Add here the vectors for the device specific ex
                       ternal interrupts handler
   62 00000040 00000000        DCD              IRQ00_Handler ;  IRQ0 
   63 00000044 00000000        DCD              IRQ01_Handler ;  IRQ1 
   64 00000048 00000000        DCD              IRQ02_Handler ;  IRQ2 
   65 0000004C 00000000        DCD              IRQ03_Handler ;  IRQ3 
   66 00000050 00000000        DCD              IRQ04_Handler ;  IRQ4 
   67 00000054 00000000        DCD              IRQ05_Handler ;  IRQ5 
   68 00000058 00000000        DCD              IRQ06_Handler ;  IRQ6 
   69 0000005C 00000000        DCD              IRQ07_Handler ;  IRQ7 
   70 00000060 00000000        DCD              IRQ08_Handler ;  IRQ8 
   71 00000064 00000000        DCD              IRQ09_Handler ;  IRQ9 
   72 00000068 00000000        DCD              IRQ10_Handler ;  IRQ10
   73 0000006C 00000000        DCD              IRQ11_Handler ;  IRQ11
   74 00000070 00000000        DCD              IRQ12_Handler ;  IRQ12
   75 00000074 00000000        DCD              IRQ13_Handler ;  IRQ13
   76 00000078 00000000        DCD              IRQ14_Handler ;  IRQ14
   77 0000007C 00000000        DCD              IRQ15_Handler ;  IRQ15
   78 00000080 00000000        DCD              IRQ16_Handler ;  IRQ16
   79 00000084 00000000        DCD              IRQ17_Handler ;  IRQ17
   80 00000088 00000000        DCD              IRQ18_Handler ;  IRQ18
   81 0000008C 00000000        DCD              IRQ19_Handler ;  IRQ19
   82 00000090 00000000        DCD              IRQ20_Handler ;  IRQ20
   83 00000094 00000000        DCD              IRQ21_Handler ;  IRQ21
   84 00000098 00000000        DCD              IRQ22_Handler ;  IRQ22
   85 0000009C 00000000        DCD              IRQ23_Handler ;  IRQ23
   86 000000A0 00000000        DCD              IRQ24_Handler ;  IRQ24
   87 000000A4 00000000        DCD              IRQ25_Handler ;  IRQ25
   88 000000A8 00000000        DCD              IRQ26_Handler ;  IRQ26
   89 000000AC 00000000        DCD              IRQ27_Handler ;  IRQ27
   90 000000B0 00000000        DCD              IRQ28_Handler ;  IRQ28
   91 000000B4 00000000        DCD              IRQ29_Handler ;  IRQ29
   92 000000B8 00000000        DCD              IRQ30_Handler ;  IRQ30
   93 000000BC 00000000        DCD              IRQ31_Handler ;  IRQ31
   94 000000C0         __Vectors_End
   95 000000C0         
   96 000000C0 000000C0 
                       __Vectors_Size
                               EQU              __Vectors_End - __Vectors
   97 000000C0         
   98 000000C0                 AREA             |.text|, CODE, READONLY



ARM Macro Assembler    Page 3 


   99 00000000         
  100 00000000         
  101 00000000         ; Reset Handler
  102 00000000         
  103 00000000         Reset_Handler
                               PROC
  104 00000000                 EXPORT           Reset_Handler             [WEAK
]
  105 00000000                 IMPORT           SystemInit
  106 00000000                 IMPORT           __main
  107 00000000 4816            LDR              R0, =SystemInit
  108 00000002 4780            BLX              R0
  109 00000004 4816            LDR              R0, =__main
  110 00000006 4700            BX               R0
  111 00000008                 ENDP
  112 00000008         
  113 00000008         
  114 00000008         ; Dummy Exception Handlers (infinite loops which can be 
                       modified)
  115 00000008         
  117 00000008         NMI_Handler
                               PROC
  118 00000008                 EXPORT           NMI_Handler               [WEAK
]
  119 00000008 E7FE            B                .
  120 0000000A                 ENDP
  122 0000000A         HardFault_Handler
                               PROC
  123 0000000A                 EXPORT           HardFault_Handler         [WEAK
]
  124 0000000A E7FE            B                .
  125 0000000C                 ENDP
  127 0000000C         MemManage_Handler
                               PROC
  128 0000000C                 EXPORT           MemManage_Handler         [WEAK
]
  129 0000000C E7FE            B                .
  130 0000000E                 ENDP
  132 0000000E         BusFault_Handler
                               PROC
  133 0000000E                 EXPORT           BusFault_Handler          [WEAK
]
  134 0000000E E7FE            B                .
  135 00000010                 ENDP
  137 00000010         UsageFault_Handler
                               PROC
  138 00000010                 EXPORT           UsageFault_Handler        [WEAK
]
  139 00000010 E7FE            B                .
  140 00000012                 ENDP
  142 00000012         SVC_Handler
                               PROC
  143 00000012                 EXPORT           SVC_Handler               [WEAK
]
  144 00000012 E7FE            B                .
  145 00000014                 ENDP
  147 00000014         DebugMon_Handler
                               PROC
  148 00000014                 EXPORT           DebugMon_Handler          [WEAK



ARM Macro Assembler    Page 4 


]
  149 00000014 E7FE            B                .
  150 00000016                 ENDP
  152 00000016         PendSV_Handler
                               PROC
  153 00000016                 EXPORT           PendSV_Handler            [WEAK
]
  154 00000016 E7FE            B                .
  155 00000018                 ENDP
  157 00000018         SysTick_Handler
                               PROC
  158 00000018                 EXPORT           SysTick_Handler           [WEAK
]
  159 00000018 E7FE            B                .
  160 0000001A                 ENDP
  162 0000001A         IRQ00_Handler
                               PROC
  163 0000001A                 EXPORT           IRQ00_Handler           [WEAK]
  164 0000001A E7FE            B                .
  165 0000001C                 ENDP
  167 0000001C         IRQ01_Handler
                               PROC
  168 0000001C                 EXPORT           IRQ01_Handler           [WEAK]
  169 0000001C E7FE            B                .
  170 0000001E                 ENDP
  172 0000001E         IRQ02_Handler
                               PROC
  173 0000001E                 EXPORT           IRQ02_Handler           [WEAK]
  174 0000001E E7FE            B                .
  175 00000020                 ENDP
  177 00000020         IRQ03_Handler
                               PROC
  178 00000020                 EXPORT           IRQ03_Handler           [WEAK]
  179 00000020 E7FE            B                .
  180 00000022                 ENDP
  182 00000022         IRQ04_Handler
                               PROC
  183 00000022                 EXPORT           IRQ04_Handler           [WEAK]
  184 00000022 E7FE            B                .
  185 00000024                 ENDP
  187 00000024         IRQ05_Handler
                               PROC
  188 00000024                 EXPORT           IRQ05_Handler           [WEAK]
  189 00000024 E7FE            B                .
  190 00000026                 ENDP
  192 00000026         IRQ06_Handler
                               PROC
  193 00000026                 EXPORT           IRQ06_Handler           [WEAK]
  194 00000026 E7FE            B                .
  195 00000028                 ENDP
  197 00000028         IRQ07_Handler
                               PROC
  198 00000028                 EXPORT           IRQ07_Handler           [WEAK]
  199 00000028 E7FE            B                .
  200 0000002A                 ENDP
  202 0000002A         IRQ08_Handler
                               PROC
  203 0000002A                 EXPORT           IRQ08_Handler           [WEAK]
  204 0000002A E7FE            B                .



ARM Macro Assembler    Page 5 


  205 0000002C                 ENDP
  207 0000002C         IRQ09_Handler
                               PROC
  208 0000002C                 EXPORT           IRQ09_Handler           [WEAK]
  209 0000002C E7FE            B                .
  210 0000002E                 ENDP
  212 0000002E         IRQ10_Handler
                               PROC
  213 0000002E                 EXPORT           IRQ10_Handler           [WEAK]
  214 0000002E E7FE            B                .
  215 00000030                 ENDP
  217 00000030         IRQ11_Handler
                               PROC
  218 00000030                 EXPORT           IRQ11_Handler           [WEAK]
  219 00000030 E7FE            B                .
  220 00000032                 ENDP
  222 00000032         IRQ12_Handler
                               PROC
  223 00000032                 EXPORT           IRQ12_Handler           [WEAK]
  224 00000032 E7FE            B                .
  225 00000034                 ENDP
  227 00000034         IRQ13_Handler
                               PROC
  228 00000034                 EXPORT           IRQ13_Handler           [WEAK]
  229 00000034 E7FE            B                .
  230 00000036                 ENDP
  232 00000036         IRQ14_Handler
                               PROC
  233 00000036                 EXPORT           IRQ14_Handler           [WEAK]
  234 00000036 E7FE            B                .
  235 00000038                 ENDP
  237 00000038         IRQ15_Handler
                               PROC
  238 00000038                 EXPORT           IRQ15_Handler           [WEAK]
  239 00000038 E7FE            B                .
  240 0000003A                 ENDP
  242 0000003A         IRQ16_Handler
                               PROC
  243 0000003A                 EXPORT           IRQ16_Handler           [WEAK]
  244 0000003A E7FE            B                .
  245 0000003C                 ENDP
  247 0000003C         IRQ17_Handler
                               PROC
  248 0000003C                 EXPORT           IRQ17_Handler           [WEAK]
  249 0000003C E7FE            B                .
  250 0000003E                 ENDP
  252 0000003E         IRQ18_Handler
                               PROC
  253 0000003E                 EXPORT           IRQ18_Handler           [WEAK]
  254 0000003E E7FE            B                .
  255 00000040                 ENDP
  257 00000040         IRQ19_Handler
                               PROC
  258 00000040                 EXPORT           IRQ19_Handler           [WEAK]
  259 00000040 E7FE            B                .
  260 00000042                 ENDP
  262 00000042         IRQ20_Handler
                               PROC
  263 00000042                 EXPORT           IRQ20_Handler           [WEAK]



ARM Macro Assembler    Page 6 


  264 00000042 E7FE            B                .
  265 00000044                 ENDP
  267 00000044         IRQ21_Handler
                               PROC
  268 00000044                 EXPORT           IRQ21_Handler           [WEAK]
  269 00000044 E7FE            B                .
  270 00000046                 ENDP
  272 00000046         IRQ22_Handler
                               PROC
  273 00000046                 EXPORT           IRQ22_Handler           [WEAK]
  274 00000046 E7FE            B                .
  275 00000048                 ENDP
  277 00000048         IRQ23_Handler
                               PROC
  278 00000048                 EXPORT           IRQ23_Handler           [WEAK]
  279 00000048 E7FE            B                .
  280 0000004A                 ENDP
  282 0000004A         IRQ24_Handler
                               PROC
  283 0000004A                 EXPORT           IRQ24_Handler           [WEAK]
  284 0000004A E7FE            B                .
  285 0000004C                 ENDP
  287 0000004C         IRQ25_Handler
                               PROC
  288 0000004C                 EXPORT           IRQ25_Handler           [WEAK]
  289 0000004C E7FE            B                .
  290 0000004E                 ENDP
  292 0000004E         IRQ26_Handler
                               PROC
  293 0000004E                 EXPORT           IRQ26_Handler           [WEAK]
  294 0000004E E7FE            B                .
  295 00000050                 ENDP
  297 00000050         IRQ27_Handler
                               PROC
  298 00000050                 EXPORT           IRQ27_Handler           [WEAK]
  299 00000050 E7FE            B                .
  300 00000052                 ENDP
  302 00000052         IRQ28_Handler
                               PROC
  303 00000052                 EXPORT           IRQ28_Handler           [WEAK]
  304 00000052 E7FE            B                .
  305 00000054                 ENDP
  307 00000054         IRQ29_Handler
                               PROC
  308 00000054                 EXPORT           IRQ29_Handler           [WEAK]
  309 00000054 E7FE            B                .
  310 00000056                 ENDP
  312 00000056         IRQ30_Handler
                               PROC
  313 00000056                 EXPORT           IRQ30_Handler           [WEAK]
  314 00000056 E7FE            B                .
  315 00000058                 ENDP
  317 00000058         IRQ31_Handler
                               PROC
  318 00000058                 EXPORT           IRQ31_Handler           [WEAK]
  319 00000058 E7FE            B                .
  320 0000005A                 ENDP
  321 0000005A         
  322 0000005A         



ARM Macro Assembler    Page 7 


  323 0000005A 00 00           ALIGN
  324 0000005C         
  325 0000005C         
  326 0000005C         ; User Initial Stack & Heap
  327 0000005C         
  328 0000005C                 IF               :DEF:__MICROLIB
  329 0000005C         
  330 0000005C                 EXPORT           __initial_sp
  331 0000005C                 EXPORT           __heap_base
  332 0000005C                 EXPORT           __heap_limit
  333 0000005C         
  334 0000005C                 ELSE
  349                          ENDIF
  350 0000005C         
  351 0000005C         
  352 0000005C                 END
              00000000 
              00000000 
Command Line: --debug --xref --diag_suppress=9931 --cpu=Cortex-M0+ --apcs=inter
work --depend=.\objects\startup_bat32g137.d -o.\objects\startup_bat32g137.o -I.
\RTE\_BAT32G137GH64FB -ID:\00software\ARM\PACK\ARM\CMSIS\5.0.1\CMSIS\Include -I
D:\00software\ARM\PACK\Cmsemicon\BAT32G137\3.0.8\Device\Include --predefine="__
MICROLIB SETA 1" --predefine="__UVISION_VERSION SETA 524" --predefine="_RTE_ SE
TA 1" --list=.\listings\startup_bat32g137.lst RTE\Device\BAT32G137GH64FB\startu
p_BAT32G137.s



ARM Macro Assembler    Page 1 Alphabetic symbol ordering
Relocatable symbols

STACK 00000000

Symbol: STACK
   Definitions
      At line 15 in file RTE\Device\BAT32G137GH64FB\startup_BAT32G137.s
   Uses
      None
Comment: STACK unused
Stack_Mem 00000000

Symbol: Stack_Mem
   Definitions
      At line 16 in file RTE\Device\BAT32G137GH64FB\startup_BAT32G137.s
   Uses
      None
Comment: Stack_Mem unused
__initial_sp 00000400

Symbol: __initial_sp
   Definitions
      At line 17 in file RTE\Device\BAT32G137GH64FB\startup_BAT32G137.s
   Uses
      At line 43 in file RTE\Device\BAT32G137GH64FB\startup_BAT32G137.s
      At line 330 in file RTE\Device\BAT32G137GH64FB\startup_BAT32G137.s

3 symbols



ARM Macro Assembler    Page 1 Alphabetic symbol ordering
Relocatable symbols

HEAP 00000000

Symbol: HEAP
   Definitions
      At line 26 in file RTE\Device\BAT32G137GH64FB\startup_BAT32G137.s
   Uses
      None
Comment: HEAP unused
Heap_Mem 00000000

Symbol: Heap_Mem
   Definitions
      At line 28 in file RTE\Device\BAT32G137GH64FB\startup_BAT32G137.s
   Uses
      None
Comment: Heap_Mem unused
__heap_base 00000000

Symbol: __heap_base
   Definitions
      At line 27 in file RTE\Device\BAT32G137GH64FB\startup_BAT32G137.s
   Uses
      At line 331 in file RTE\Device\BAT32G137GH64FB\startup_BAT32G137.s
Comment: __heap_base used once
__heap_limit 00000100

Symbol: __heap_limit
   Definitions
      At line 29 in file RTE\Device\BAT32G137GH64FB\startup_BAT32G137.s
   Uses
      At line 332 in file RTE\Device\BAT32G137GH64FB\startup_BAT32G137.s
Comment: __heap_limit used once
4 symbols



ARM Macro Assembler    Page 1 Alphabetic symbol ordering
Relocatable symbols

RESET 00000000

Symbol: RESET
   Definitions
      At line 38 in file RTE\Device\BAT32G137GH64FB\startup_BAT32G137.s
   Uses
      None
Comment: RESET unused
__Vectors 00000000

Symbol: __Vectors
   Definitions
      At line 43 in file RTE\Device\BAT32G137GH64FB\startup_BAT32G137.s
   Uses
      At line 39 in file RTE\Device\BAT32G137GH64FB\startup_BAT32G137.s
      At line 96 in file RTE\Device\BAT32G137GH64FB\startup_BAT32G137.s

__Vectors_End 000000C0

Symbol: __Vectors_End
   Definitions
      At line 94 in file RTE\Device\BAT32G137GH64FB\startup_BAT32G137.s
   Uses
      At line 40 in file RTE\Device\BAT32G137GH64FB\startup_BAT32G137.s
      At line 96 in file RTE\Device\BAT32G137GH64FB\startup_BAT32G137.s

3 symbols



ARM Macro Assembler    Page 1 Alphabetic symbol ordering
Relocatable symbols

.text 00000000

Symbol: .text
   Definitions
      At line 98 in file RTE\Device\BAT32G137GH64FB\startup_BAT32G137.s
   Uses
      None
Comment: .text unused
BusFault_Handler 0000000E

Symbol: BusFault_Handler
   Definitions
      At line 132 in file RTE\Device\BAT32G137GH64FB\startup_BAT32G137.s
   Uses
      At line 133 in file RTE\Device\BAT32G137GH64FB\startup_BAT32G137.s
Comment: BusFault_Handler used once
DebugMon_Handler 00000014

Symbol: DebugMon_Handler
   Definitions
      At line 147 in file RTE\Device\BAT32G137GH64FB\startup_BAT32G137.s
   Uses
      At line 148 in file RTE\Device\BAT32G137GH64FB\startup_BAT32G137.s
Comment: DebugMon_Handler used once
HardFault_Handler 0000000A

Symbol: HardFault_Handler
   Definitions
      At line 122 in file RTE\Device\BAT32G137GH64FB\startup_BAT32G137.s
   Uses
      At line 46 in file RTE\Device\BAT32G137GH64FB\startup_BAT32G137.s
      At line 123 in file RTE\Device\BAT32G137GH64FB\startup_BAT32G137.s

IRQ00_Handler 0000001A

Symbol: IRQ00_Handler
   Definitions
      At line 162 in file RTE\Device\BAT32G137GH64FB\startup_BAT32G137.s
   Uses
      At line 62 in file RTE\Device\BAT32G137GH64FB\startup_BAT32G137.s
      At line 163 in file RTE\Device\BAT32G137GH64FB\startup_BAT32G137.s

IRQ01_Handler 0000001C

Symbol: IRQ01_Handler
   Definitions
      At line 167 in file RTE\Device\BAT32G137GH64FB\startup_BAT32G137.s
   Uses
      At line 63 in file RTE\Device\BAT32G137GH64FB\startup_BAT32G137.s
      At line 168 in file RTE\Device\BAT32G137GH64FB\startup_BAT32G137.s

IRQ02_Handler 0000001E

Symbol: IRQ02_Handler
   Definitions
      At line 172 in file RTE\Device\BAT32G137GH64FB\startup_BAT32G137.s
   Uses
      At line 64 in file RTE\Device\BAT32G137GH64FB\startup_BAT32G137.s
      At line 173 in file RTE\Device\BAT32G137GH64FB\startup_BAT32G137.s



ARM Macro Assembler    Page 2 Alphabetic symbol ordering
Relocatable symbols


IRQ03_Handler 00000020

Symbol: IRQ03_Handler
   Definitions
      At line 177 in file RTE\Device\BAT32G137GH64FB\startup_BAT32G137.s
   Uses
      At line 65 in file RTE\Device\BAT32G137GH64FB\startup_BAT32G137.s
      At line 178 in file RTE\Device\BAT32G137GH64FB\startup_BAT32G137.s

IRQ04_Handler 00000022

Symbol: IRQ04_Handler
   Definitions
      At line 182 in file RTE\Device\BAT32G137GH64FB\startup_BAT32G137.s
   Uses
      At line 66 in file RTE\Device\BAT32G137GH64FB\startup_BAT32G137.s
      At line 183 in file RTE\Device\BAT32G137GH64FB\startup_BAT32G137.s

IRQ05_Handler 00000024

Symbol: IRQ05_Handler
   Definitions
      At line 187 in file RTE\Device\BAT32G137GH64FB\startup_BAT32G137.s
   Uses
      At line 67 in file RTE\Device\BAT32G137GH64FB\startup_BAT32G137.s
      At line 188 in file RTE\Device\BAT32G137GH64FB\startup_BAT32G137.s

IRQ06_Handler 00000026

Symbol: IRQ06_Handler
   Definitions
      At line 192 in file RTE\Device\BAT32G137GH64FB\startup_BAT32G137.s
   Uses
      At line 68 in file RTE\Device\BAT32G137GH64FB\startup_BAT32G137.s
      At line 193 in file RTE\Device\BAT32G137GH64FB\startup_BAT32G137.s

IRQ07_Handler 00000028

Symbol: IRQ07_Handler
   Definitions
      At line 197 in file RTE\Device\BAT32G137GH64FB\startup_BAT32G137.s
   Uses
      At line 69 in file RTE\Device\BAT32G137GH64FB\startup_BAT32G137.s
      At line 198 in file RTE\Device\BAT32G137GH64FB\startup_BAT32G137.s

IRQ08_Handler 0000002A

Symbol: IRQ08_Handler
   Definitions
      At line 202 in file RTE\Device\BAT32G137GH64FB\startup_BAT32G137.s
   Uses
      At line 70 in file RTE\Device\BAT32G137GH64FB\startup_BAT32G137.s
      At line 203 in file RTE\Device\BAT32G137GH64FB\startup_BAT32G137.s

IRQ09_Handler 0000002C

Symbol: IRQ09_Handler
   Definitions



ARM Macro Assembler    Page 3 Alphabetic symbol ordering
Relocatable symbols

      At line 207 in file RTE\Device\BAT32G137GH64FB\startup_BAT32G137.s
   Uses
      At line 71 in file RTE\Device\BAT32G137GH64FB\startup_BAT32G137.s
      At line 208 in file RTE\Device\BAT32G137GH64FB\startup_BAT32G137.s

IRQ10_Handler 0000002E

Symbol: IRQ10_Handler
   Definitions
      At line 212 in file RTE\Device\BAT32G137GH64FB\startup_BAT32G137.s
   Uses
      At line 72 in file RTE\Device\BAT32G137GH64FB\startup_BAT32G137.s
      At line 213 in file RTE\Device\BAT32G137GH64FB\startup_BAT32G137.s

IRQ11_Handler 00000030

Symbol: IRQ11_Handler
   Definitions
      At line 217 in file RTE\Device\BAT32G137GH64FB\startup_BAT32G137.s
   Uses
      At line 73 in file RTE\Device\BAT32G137GH64FB\startup_BAT32G137.s
      At line 218 in file RTE\Device\BAT32G137GH64FB\startup_BAT32G137.s

IRQ12_Handler 00000032

Symbol: IRQ12_Handler
   Definitions
      At line 222 in file RTE\Device\BAT32G137GH64FB\startup_BAT32G137.s
   Uses
      At line 74 in file RTE\Device\BAT32G137GH64FB\startup_BAT32G137.s
      At line 223 in file RTE\Device\BAT32G137GH64FB\startup_BAT32G137.s

IRQ13_Handler 00000034

Symbol: IRQ13_Handler
   Definitions
      At line 227 in file RTE\Device\BAT32G137GH64FB\startup_BAT32G137.s
   Uses
      At line 75 in file RTE\Device\BAT32G137GH64FB\startup_BAT32G137.s
      At line 228 in file RTE\Device\BAT32G137GH64FB\startup_BAT32G137.s

IRQ14_Handler 00000036

Symbol: IRQ14_Handler
   Definitions
      At line 232 in file RTE\Device\BAT32G137GH64FB\startup_BAT32G137.s
   Uses
      At line 76 in file RTE\Device\BAT32G137GH64FB\startup_BAT32G137.s
      At line 233 in file RTE\Device\BAT32G137GH64FB\startup_BAT32G137.s

IRQ15_Handler 00000038

Symbol: IRQ15_Handler
   Definitions
      At line 237 in file RTE\Device\BAT32G137GH64FB\startup_BAT32G137.s
   Uses
      At line 77 in file RTE\Device\BAT32G137GH64FB\startup_BAT32G137.s
      At line 238 in file RTE\Device\BAT32G137GH64FB\startup_BAT32G137.s




ARM Macro Assembler    Page 4 Alphabetic symbol ordering
Relocatable symbols

IRQ16_Handler 0000003A

Symbol: IRQ16_Handler
   Definitions
      At line 242 in file RTE\Device\BAT32G137GH64FB\startup_BAT32G137.s
   Uses
      At line 78 in file RTE\Device\BAT32G137GH64FB\startup_BAT32G137.s
      At line 243 in file RTE\Device\BAT32G137GH64FB\startup_BAT32G137.s

IRQ17_Handler 0000003C

Symbol: IRQ17_Handler
   Definitions
      At line 247 in file RTE\Device\BAT32G137GH64FB\startup_BAT32G137.s
   Uses
      At line 79 in file RTE\Device\BAT32G137GH64FB\startup_BAT32G137.s
      At line 248 in file RTE\Device\BAT32G137GH64FB\startup_BAT32G137.s

IRQ18_Handler 0000003E

Symbol: IRQ18_Handler
   Definitions
      At line 252 in file RTE\Device\BAT32G137GH64FB\startup_BAT32G137.s
   Uses
      At line 80 in file RTE\Device\BAT32G137GH64FB\startup_BAT32G137.s
      At line 253 in file RTE\Device\BAT32G137GH64FB\startup_BAT32G137.s

IRQ19_Handler 00000040

Symbol: IRQ19_Handler
   Definitions
      At line 257 in file RTE\Device\BAT32G137GH64FB\startup_BAT32G137.s
   Uses
      At line 81 in file RTE\Device\BAT32G137GH64FB\startup_BAT32G137.s
      At line 258 in file RTE\Device\BAT32G137GH64FB\startup_BAT32G137.s

IRQ20_Handler 00000042

Symbol: IRQ20_Handler
   Definitions
      At line 262 in file RTE\Device\BAT32G137GH64FB\startup_BAT32G137.s
   Uses
      At line 82 in file RTE\Device\BAT32G137GH64FB\startup_BAT32G137.s
      At line 263 in file RTE\Device\BAT32G137GH64FB\startup_BAT32G137.s

IRQ21_Handler 00000044

Symbol: IRQ21_Handler
   Definitions
      At line 267 in file RTE\Device\BAT32G137GH64FB\startup_BAT32G137.s
   Uses
      At line 83 in file RTE\Device\BAT32G137GH64FB\startup_BAT32G137.s
      At line 268 in file RTE\Device\BAT32G137GH64FB\startup_BAT32G137.s

IRQ22_Handler 00000046

Symbol: IRQ22_Handler
   Definitions
      At line 272 in file RTE\Device\BAT32G137GH64FB\startup_BAT32G137.s



ARM Macro Assembler    Page 5 Alphabetic symbol ordering
Relocatable symbols

   Uses
      At line 84 in file RTE\Device\BAT32G137GH64FB\startup_BAT32G137.s
      At line 273 in file RTE\Device\BAT32G137GH64FB\startup_BAT32G137.s

IRQ23_Handler 00000048

Symbol: IRQ23_Handler
   Definitions
      At line 277 in file RTE\Device\BAT32G137GH64FB\startup_BAT32G137.s
   Uses
      At line 85 in file RTE\Device\BAT32G137GH64FB\startup_BAT32G137.s
      At line 278 in file RTE\Device\BAT32G137GH64FB\startup_BAT32G137.s

IRQ24_Handler 0000004A

Symbol: IRQ24_Handler
   Definitions
      At line 282 in file RTE\Device\BAT32G137GH64FB\startup_BAT32G137.s
   Uses
      At line 86 in file RTE\Device\BAT32G137GH64FB\startup_BAT32G137.s
      At line 283 in file RTE\Device\BAT32G137GH64FB\startup_BAT32G137.s

IRQ25_Handler 0000004C

Symbol: IRQ25_Handler
   Definitions
      At line 287 in file RTE\Device\BAT32G137GH64FB\startup_BAT32G137.s
   Uses
      At line 87 in file RTE\Device\BAT32G137GH64FB\startup_BAT32G137.s
      At line 288 in file RTE\Device\BAT32G137GH64FB\startup_BAT32G137.s

IRQ26_Handler 0000004E

Symbol: IRQ26_Handler
   Definitions
      At line 292 in file RTE\Device\BAT32G137GH64FB\startup_BAT32G137.s
   Uses
      At line 88 in file RTE\Device\BAT32G137GH64FB\startup_BAT32G137.s
      At line 293 in file RTE\Device\BAT32G137GH64FB\startup_BAT32G137.s

IRQ27_Handler 00000050

Symbol: IRQ27_Handler
   Definitions
      At line 297 in file RTE\Device\BAT32G137GH64FB\startup_BAT32G137.s
   Uses
      At line 89 in file RTE\Device\BAT32G137GH64FB\startup_BAT32G137.s
      At line 298 in file RTE\Device\BAT32G137GH64FB\startup_BAT32G137.s

IRQ28_Handler 00000052

Symbol: IRQ28_Handler
   Definitions
      At line 302 in file RTE\Device\BAT32G137GH64FB\startup_BAT32G137.s
   Uses
      At line 90 in file RTE\Device\BAT32G137GH64FB\startup_BAT32G137.s
      At line 303 in file RTE\Device\BAT32G137GH64FB\startup_BAT32G137.s

IRQ29_Handler 00000054



ARM Macro Assembler    Page 6 Alphabetic symbol ordering
Relocatable symbols


Symbol: IRQ29_Handler
   Definitions
      At line 307 in file RTE\Device\BAT32G137GH64FB\startup_BAT32G137.s
   Uses
      At line 91 in file RTE\Device\BAT32G137GH64FB\startup_BAT32G137.s
      At line 308 in file RTE\Device\BAT32G137GH64FB\startup_BAT32G137.s

IRQ30_Handler 00000056

Symbol: IRQ30_Handler
   Definitions
      At line 312 in file RTE\Device\BAT32G137GH64FB\startup_BAT32G137.s
   Uses
      At line 92 in file RTE\Device\BAT32G137GH64FB\startup_BAT32G137.s
      At line 313 in file RTE\Device\BAT32G137GH64FB\startup_BAT32G137.s

IRQ31_Handler 00000058

Symbol: IRQ31_Handler
   Definitions
      At line 317 in file RTE\Device\BAT32G137GH64FB\startup_BAT32G137.s
   Uses
      At line 93 in file RTE\Device\BAT32G137GH64FB\startup_BAT32G137.s
      At line 318 in file RTE\Device\BAT32G137GH64FB\startup_BAT32G137.s

MemManage_Handler 0000000C

Symbol: MemManage_Handler
   Definitions
      At line 127 in file RTE\Device\BAT32G137GH64FB\startup_BAT32G137.s
   Uses
      At line 128 in file RTE\Device\BAT32G137GH64FB\startup_BAT32G137.s
Comment: MemManage_Handler used once
NMI_Handler 00000008

Symbol: NMI_Handler
   Definitions
      At line 117 in file RTE\Device\BAT32G137GH64FB\startup_BAT32G137.s
   Uses
      At line 45 in file RTE\Device\BAT32G137GH64FB\startup_BAT32G137.s
      At line 118 in file RTE\Device\BAT32G137GH64FB\startup_BAT32G137.s

PendSV_Handler 00000016

Symbol: PendSV_Handler
   Definitions
      At line 152 in file RTE\Device\BAT32G137GH64FB\startup_BAT32G137.s
   Uses
      At line 57 in file RTE\Device\BAT32G137GH64FB\startup_BAT32G137.s
      At line 153 in file RTE\Device\BAT32G137GH64FB\startup_BAT32G137.s

Reset_Handler 00000000

Symbol: Reset_Handler
   Definitions
      At line 103 in file RTE\Device\BAT32G137GH64FB\startup_BAT32G137.s
   Uses
      At line 44 in file RTE\Device\BAT32G137GH64FB\startup_BAT32G137.s



ARM Macro Assembler    Page 7 Alphabetic symbol ordering
Relocatable symbols

      At line 104 in file RTE\Device\BAT32G137GH64FB\startup_BAT32G137.s

SVC_Handler 00000012

Symbol: SVC_Handler
   Definitions
      At line 142 in file RTE\Device\BAT32G137GH64FB\startup_BAT32G137.s
   Uses
      At line 54 in file RTE\Device\BAT32G137GH64FB\startup_BAT32G137.s
      At line 143 in file RTE\Device\BAT32G137GH64FB\startup_BAT32G137.s

SysTick_Handler 00000018

Symbol: SysTick_Handler
   Definitions
      At line 157 in file RTE\Device\BAT32G137GH64FB\startup_BAT32G137.s
   Uses
      At line 58 in file RTE\Device\BAT32G137GH64FB\startup_BAT32G137.s
      At line 158 in file RTE\Device\BAT32G137GH64FB\startup_BAT32G137.s

UsageFault_Handler 00000010

Symbol: UsageFault_Handler
   Definitions
      At line 137 in file RTE\Device\BAT32G137GH64FB\startup_BAT32G137.s
   Uses
      At line 138 in file RTE\Device\BAT32G137GH64FB\startup_BAT32G137.s
Comment: UsageFault_Handler used once
43 symbols



ARM Macro Assembler    Page 1 Alphabetic symbol ordering
Absolute symbols

Heap_Size 00000100

Symbol: Heap_Size
   Definitions
      At line 24 in file RTE\Device\BAT32G137GH64FB\startup_BAT32G137.s
   Uses
      At line 28 in file RTE\Device\BAT32G137GH64FB\startup_BAT32G137.s
Comment: Heap_Size used once
Stack_Size 00000400

Symbol: Stack_Size
   Definitions
      At line 13 in file RTE\Device\BAT32G137GH64FB\startup_BAT32G137.s
   Uses
      At line 16 in file RTE\Device\BAT32G137GH64FB\startup_BAT32G137.s
Comment: Stack_Size used once
__Vectors_Size 000000C0

Symbol: __Vectors_Size
   Definitions
      At line 96 in file RTE\Device\BAT32G137GH64FB\startup_BAT32G137.s
   Uses
      At line 41 in file RTE\Device\BAT32G137GH64FB\startup_BAT32G137.s
Comment: __Vectors_Size used once
3 symbols



ARM Macro Assembler    Page 1 Alphabetic symbol ordering
External symbols

SystemInit 00000000

Symbol: SystemInit
   Definitions
      At line 105 in file RTE\Device\BAT32G137GH64FB\startup_BAT32G137.s
   Uses
      At line 107 in file RTE\Device\BAT32G137GH64FB\startup_BAT32G137.s
Comment: SystemInit used once
__main 00000000

Symbol: __main
   Definitions
      At line 106 in file RTE\Device\BAT32G137GH64FB\startup_BAT32G137.s
   Uses
      At line 109 in file RTE\Device\BAT32G137GH64FB\startup_BAT32G137.s
Comment: __main used once
2 symbols
393 symbols in table
